---------------------------------------------------------------
[ 2019-12-17T17:10:13+08:00 ] 127.0.0.1 GET 127.0.0.1/heimamm/public/captcha?type=login
[运行时间：3.023830s] [吞吐率：0.33req/s] [内存消耗：1,942.05kb] [文件加载：51]
[ info ] [ LANG ] D:\phpStudy\PHPTutorial\WWW\heimamm\thinkphp\lang\zh-cn.php
[ info ] [ ROUTE ] array (
  'type' => 'module',
  'module' => 
  array (
    0 => 'api',
    1 => 'account',
    2 => 'captcha',
  ),
  'convert' => false,
)
[ info ] [ HEADER ] array (
  'host' => '127.0.0.1',
  'connection' => 'keep-alive',
  'user-agent' => 'Mozilla/5.0 (Windows NT 10.0; Win64; x64) AppleWebKit/537.36 (KHTML, like Gecko) Chrome/79.0.3945.79 Safari/537.36',
  'accept' => 'image/webp,image/apng,image/*,*/*;q=0.8',
  'sec-fetch-site' => 'cross-site',
  'sec-fetch-mode' => 'no-cors',
  'referer' => 'http://localhost:8080/',
  'accept-encoding' => 'gzip, deflate, br',
  'accept-language' => 'zh-CN,zh;q=0.9',
  'cookie' => 'token=5df74fc26bfde; PHPSESSID=rr7qjd4kegd2bq4h1mrrvsset1',
)
[ info ] [ PARAM ] array (
  'type' => 'login',
)
[ info ] [ RUN ] app\api\controller\Account->captcha[ D:\phpStudy\PHPTutorial\WWW\heimamm\application\api\controller\Account.php ]
[ info ] [ SESSION ] INIT array (
  'id' => '',
  'var_session_id' => '',
  'prefix' => 'think',
  'type' => '',
  'auto_start' => true,
)
[ info ] [ LOG ] INIT File
---------------------------------------------------------------
[ 2019-12-17T17:11:33+08:00 ] 127.0.0.1 GET 127.0.0.1/heimamm/public/captcha?type=sendsms
[运行时间：1.822956s] [吞吐率：0.55req/s] [内存消耗：1,942.52kb] [文件加载：51]
[ info ] [ LANG ] D:\phpStudy\PHPTutorial\WWW\heimamm\thinkphp\lang\zh-cn.php
[ info ] [ ROUTE ] array (
  'type' => 'module',
  'module' => 
  array (
    0 => 'api',
    1 => 'account',
    2 => 'captcha',
  ),
  'convert' => false,
)
[ info ] [ HEADER ] array (
  'host' => '127.0.0.1',
  'connection' => 'keep-alive',
  'user-agent' => 'Mozilla/5.0 (Windows NT 10.0; Win64; x64) AppleWebKit/537.36 (KHTML, like Gecko) Chrome/79.0.3945.79 Safari/537.36',
  'accept' => 'image/webp,image/apng,image/*,*/*;q=0.8',
  'sec-fetch-site' => 'cross-site',
  'sec-fetch-mode' => 'no-cors',
  'referer' => 'http://localhost:8080/',
  'accept-encoding' => 'gzip, deflate, br',
  'accept-language' => 'zh-CN,zh;q=0.9',
  'cookie' => 'token=5df74fc26bfde; PHPSESSID=rr7qjd4kegd2bq4h1mrrvsset1',
)
[ info ] [ PARAM ] array (
  'type' => 'sendsms',
)
[ info ] [ RUN ] app\api\controller\Account->captcha[ D:\phpStudy\PHPTutorial\WWW\heimamm\application\api\controller\Account.php ]
[ info ] [ SESSION ] INIT array (
  'id' => '',
  'var_session_id' => '',
  'prefix' => 'think',
  'type' => '',
  'auto_start' => true,
)
[ info ] [ LOG ] INIT File
---------------------------------------------------------------
[ 2019-12-17T17:11:49+08:00 ] 127.0.0.1 POST 127.0.0.1/heimamm/public/uploads
[运行时间：5.616481s] [吞吐率：0.18req/s] [内存消耗：1,954.98kb] [文件加载：52]
[ info ] [ LANG ] D:\phpStudy\PHPTutorial\WWW\heimamm\thinkphp\lang\zh-cn.php
[ info ] [ ROUTE ] array (
  'type' => 'module',
  'module' => 
  array (
    0 => 'api',
    1 => 'account',
    2 => 'uploads',
  ),
  'convert' => false,
)
[ info ] [ HEADER ] array (
  'host' => '127.0.0.1',
  'connection' => 'keep-alive',
  'content-length' => '4046',
  'origin' => 'http://localhost:8080',
  'user-agent' => 'Mozilla/5.0 (Windows NT 10.0; Win64; x64) AppleWebKit/537.36 (KHTML, like Gecko) Chrome/79.0.3945.79 Safari/537.36',
  'content-type' => 'multipart/form-data; boundary=----WebKitFormBoundaryavVWCHpArup68edM',
  'accept' => '*/*',
  'sec-fetch-site' => 'cross-site',
  'sec-fetch-mode' => 'cors',
  'referer' => 'http://localhost:8080/',
  'accept-encoding' => 'gzip, deflate, br',
  'accept-language' => 'zh-CN,zh;q=0.9',
)
[ info ] [ PARAM ] array (
)
[ info ] [ RUN ] app\api\controller\Account->uploads[ D:\phpStudy\PHPTutorial\WWW\heimamm\application\api\controller\Account.php ]
[ info ] [ LOG ] INIT File
---------------------------------------------------------------
[ 2019-12-17T17:11:55+08:00 ] 127.0.0.1 POST 127.0.0.1/heimamm/public/uploads
[运行时间：1.455591s] [吞吐率：0.69req/s] [内存消耗：1,954.98kb] [文件加载：52]
[ info ] [ LANG ] D:\phpStudy\PHPTutorial\WWW\heimamm\thinkphp\lang\zh-cn.php
[ info ] [ ROUTE ] array (
  'type' => 'module',
  'module' => 
  array (
    0 => 'api',
    1 => 'account',
    2 => 'uploads',
  ),
  'convert' => false,
)
[ info ] [ HEADER ] array (
  'host' => '127.0.0.1',
  'connection' => 'keep-alive',
  'content-length' => '5692',
  'origin' => 'http://localhost:8080',
  'user-agent' => 'Mozilla/5.0 (Windows NT 10.0; Win64; x64) AppleWebKit/537.36 (KHTML, like Gecko) Chrome/79.0.3945.79 Safari/537.36',
  'content-type' => 'multipart/form-data; boundary=----WebKitFormBoundaryTt5JX8mNtHfOn9BI',
  'accept' => '*/*',
  'sec-fetch-site' => 'cross-site',
  'sec-fetch-mode' => 'cors',
  'referer' => 'http://localhost:8080/',
  'accept-encoding' => 'gzip, deflate, br',
  'accept-language' => 'zh-CN,zh;q=0.9',
)
[ info ] [ PARAM ] array (
)
[ info ] [ RUN ] app\api\controller\Account->uploads[ D:\phpStudy\PHPTutorial\WWW\heimamm\application\api\controller\Account.php ]
[ info ] [ LOG ] INIT File
---------------------------------------------------------------
[ 2019-12-17T17:23:53+08:00 ] 127.0.0.1 GET 127.0.0.1/heimamm/public/captcha?type=login
[运行时间：2.115483s] [吞吐率：0.47req/s] [内存消耗：1,941.77kb] [文件加载：51]
[ info ] [ LANG ] D:\phpStudy\PHPTutorial\WWW\heimamm\thinkphp\lang\zh-cn.php
[ info ] [ ROUTE ] array (
  'type' => 'module',
  'module' => 
  array (
    0 => 'api',
    1 => 'account',
    2 => 'captcha',
  ),
  'convert' => false,
)
[ info ] [ HEADER ] array (
  'host' => '127.0.0.1',
  'connection' => 'keep-alive',
  'user-agent' => 'Mozilla/5.0 (Windows NT 10.0; Win64; x64) AppleWebKit/537.36 (KHTML, like Gecko) Chrome/79.0.3945.79 Safari/537.36',
  'accept' => 'image/webp,image/apng,image/*,*/*;q=0.8',
  'sec-fetch-site' => 'cross-site',
  'sec-fetch-mode' => 'no-cors',
  'referer' => 'http://192.168.17.90:8080/',
  'accept-encoding' => 'gzip, deflate, br',
  'accept-language' => 'zh-CN,zh;q=0.9',
)
[ info ] [ PARAM ] array (
  'type' => 'login',
)
[ info ] [ RUN ] app\api\controller\Account->captcha[ D:\phpStudy\PHPTutorial\WWW\heimamm\application\api\controller\Account.php ]
[ info ] [ SESSION ] INIT array (
  'id' => '',
  'var_session_id' => '',
  'prefix' => 'think',
  'type' => '',
  'auto_start' => true,
)
[ info ] [ LOG ] INIT File
---------------------------------------------------------------
[ 2019-12-17T17:23:53+08:00 ] 127.0.0.1 GET 127.0.0.1/heimamm/public/captcha?type=sendsms
[运行时间：0.348880s] [吞吐率：2.87req/s] [内存消耗：1,941.77kb] [文件加载：51]
[ info ] [ LANG ] D:\phpStudy\PHPTutorial\WWW\heimamm\thinkphp\lang\zh-cn.php
[ info ] [ ROUTE ] array (
  'type' => 'module',
  'module' => 
  array (
    0 => 'api',
    1 => 'account',
    2 => 'captcha',
  ),
  'convert' => false,
)
[ info ] [ HEADER ] array (
  'host' => '127.0.0.1',
  'connection' => 'keep-alive',
  'user-agent' => 'Mozilla/5.0 (Windows NT 10.0; Win64; x64) AppleWebKit/537.36 (KHTML, like Gecko) Chrome/79.0.3945.79 Safari/537.36',
  'accept' => 'image/webp,image/apng,image/*,*/*;q=0.8',
  'sec-fetch-site' => 'cross-site',
  'sec-fetch-mode' => 'no-cors',
  'referer' => 'http://192.168.17.90:8080/',
  'accept-encoding' => 'gzip, deflate, br',
  'accept-language' => 'zh-CN,zh;q=0.9',
)
[ info ] [ PARAM ] array (
  'type' => 'sendsms',
)
[ info ] [ RUN ] app\api\controller\Account->captcha[ D:\phpStudy\PHPTutorial\WWW\heimamm\application\api\controller\Account.php ]
[ info ] [ SESSION ] INIT array (
  'id' => '',
  'var_session_id' => '',
  'prefix' => 'think',
  'type' => '',
  'auto_start' => true,
)
[ info ] [ LOG ] INIT File
---------------------------------------------------------------
[ 2019-12-17T17:25:02+08:00 ] 127.0.0.1 GET 127.0.0.1/heimamm/public/captcha?type=login
[运行时间：0.120319s] [吞吐率：8.31req/s] [内存消耗：1,942.37kb] [文件加载：51]
[ info ] [ LANG ] D:\phpStudy\PHPTutorial\WWW\heimamm\thinkphp\lang\zh-cn.php
[ info ] [ ROUTE ] array (
  'type' => 'module',
  'module' => 
  array (
    0 => 'api',
    1 => 'account',
    2 => 'captcha',
  ),
  'convert' => false,
)
[ info ] [ HEADER ] array (
  'host' => '127.0.0.1',
  'connection' => 'keep-alive',
  'user-agent' => 'Mozilla/5.0 (Windows NT 10.0; Win64; x64) AppleWebKit/537.36 (KHTML, like Gecko) Chrome/79.0.3945.79 Safari/537.36',
  'accept' => 'image/webp,image/apng,image/*,*/*;q=0.8',
  'sec-fetch-site' => 'cross-site',
  'sec-fetch-mode' => 'no-cors',
  'referer' => 'http://localhost:8080/',
  'accept-encoding' => 'gzip, deflate, br',
  'accept-language' => 'zh-CN,zh;q=0.9',
  'cookie' => 'PHPSESSID=5jcmb8k2jl5papukreabcssa21',
)
[ info ] [ PARAM ] array (
  'type' => 'login',
)
[ info ] [ RUN ] app\api\controller\Account->captcha[ D:\phpStudy\PHPTutorial\WWW\heimamm\application\api\controller\Account.php ]
[ info ] [ SESSION ] INIT array (
  'id' => '',
  'var_session_id' => '',
  'prefix' => 'think',
  'type' => '',
  'auto_start' => true,
)
[ info ] [ LOG ] INIT File
---------------------------------------------------------------
[ 2019-12-17T17:25:04+08:00 ] 127.0.0.1 GET 127.0.0.1/heimamm/public/captcha?type=sendsms
[运行时间：0.110125s] [吞吐率：9.08req/s] [内存消耗：1,942.38kb] [文件加载：51]
[ info ] [ LANG ] D:\phpStudy\PHPTutorial\WWW\heimamm\thinkphp\lang\zh-cn.php
[ info ] [ ROUTE ] array (
  'type' => 'module',
  'module' => 
  array (
    0 => 'api',
    1 => 'account',
    2 => 'captcha',
  ),
  'convert' => false,
)
[ info ] [ HEADER ] array (
  'host' => '127.0.0.1',
  'connection' => 'keep-alive',
  'user-agent' => 'Mozilla/5.0 (Windows NT 10.0; Win64; x64) AppleWebKit/537.36 (KHTML, like Gecko) Chrome/79.0.3945.79 Safari/537.36',
  'accept' => 'image/webp,image/apng,image/*,*/*;q=0.8',
  'sec-fetch-site' => 'cross-site',
  'sec-fetch-mode' => 'no-cors',
  'referer' => 'http://localhost:8080/',
  'accept-encoding' => 'gzip, deflate, br',
  'accept-language' => 'zh-CN,zh;q=0.9',
  'cookie' => 'PHPSESSID=5jcmb8k2jl5papukreabcssa21',
)
[ info ] [ PARAM ] array (
  'type' => 'sendsms',
)
[ info ] [ RUN ] app\api\controller\Account->captcha[ D:\phpStudy\PHPTutorial\WWW\heimamm\application\api\controller\Account.php ]
[ info ] [ SESSION ] INIT array (
  'id' => '',
  'var_session_id' => '',
  'prefix' => 'think',
  'type' => '',
  'auto_start' => true,
)
[ info ] [ LOG ] INIT File
---------------------------------------------------------------
[ 2019-12-17T17:25:09+08:00 ] 127.0.0.1 POST 127.0.0.1/heimamm/public/uploads
[运行时间：0.192873s] [吞吐率：5.18req/s] [内存消耗：1,954.96kb] [文件加载：52]
[ info ] [ LANG ] D:\phpStudy\PHPTutorial\WWW\heimamm\thinkphp\lang\zh-cn.php
[ info ] [ ROUTE ] array (
  'type' => 'module',
  'module' => 
  array (
    0 => 'api',
    1 => 'account',
    2 => 'uploads',
  ),
  'convert' => false,
)
[ info ] [ HEADER ] array (
  'host' => '127.0.0.1',
  'connection' => 'keep-alive',
  'content-length' => '812',
  'origin' => 'http://localhost:8080',
  'user-agent' => 'Mozilla/5.0 (Windows NT 10.0; Win64; x64) AppleWebKit/537.36 (KHTML, like Gecko) Chrome/79.0.3945.79 Safari/537.36',
  'content-type' => 'multipart/form-data; boundary=----WebKitFormBoundaryh5Dtqf6vHGjBhET8',
  'accept' => '*/*',
  'sec-fetch-site' => 'cross-site',
  'sec-fetch-mode' => 'cors',
  'referer' => 'http://localhost:8080/',
  'accept-encoding' => 'gzip, deflate, br',
  'accept-language' => 'zh-CN,zh;q=0.9',
)
[ info ] [ PARAM ] array (
)
[ info ] [ RUN ] app\api\controller\Account->uploads[ D:\phpStudy\PHPTutorial\WWW\heimamm\application\api\controller\Account.php ]
[ info ] [ LOG ] INIT File
---------------------------------------------------------------
[ 2019-12-17T17:26:15+08:00 ] 127.0.0.1 POST 127.0.0.1/heimamm/public/sendsms
[运行时间：0.605297s] [吞吐率：1.65req/s] [内存消耗：2,750.63kb] [文件加载：59]
[ info ] [ LANG ] D:\phpStudy\PHPTutorial\WWW\heimamm\thinkphp\lang\zh-cn.php
[ info ] [ ROUTE ] array (
  'type' => 'module',
  'module' => 
  array (
    0 => 'api',
    1 => 'account',
    2 => 'sendsms',
  ),
  'convert' => false,
)
[ info ] [ HEADER ] array (
  'host' => '127.0.0.1',
  'connection' => 'keep-alive',
  'content-length' => '37',
  'accept' => 'application/json, text/plain, */*',
  'origin' => 'http://localhost:8080',
  'user-agent' => 'Mozilla/5.0 (Windows NT 10.0; Win64; x64) AppleWebKit/537.36 (KHTML, like Gecko) Chrome/79.0.3945.79 Safari/537.36',
  'content-type' => 'application/json;charset=UTF-8',
  'sec-fetch-site' => 'cross-site',
  'sec-fetch-mode' => 'cors',
  'referer' => 'http://localhost:8080/',
  'accept-encoding' => 'gzip, deflate, br',
  'accept-language' => 'zh-CN,zh;q=0.9',
  'cookie' => 'PHPSESSID=5jcmb8k2jl5papukreabcssa21',
)
[ info ] [ PARAM ] array (
  'phone' => '18898283230',
  'code' => '1447',
)
[ info ] [ RUN ] app\api\controller\Account->sendSms[ D:\phpStudy\PHPTutorial\WWW\heimamm\application\api\controller\Account.php ]
[ info ] [ SESSION ] INIT array (
  'id' => '',
  'var_session_id' => '',
  'prefix' => 'think',
  'type' => '',
  'auto_start' => true,
)
[ info ] [ DB ] INIT mysql
[ info ] [ LOG ] INIT File
[ sql ] [ DB ] CONNECT:[ UseTime:0.116896s ] mysql:host=127.0.0.1;dbname=heimamm;charset=utf8
[ sql ] [ SQL ] SHOW COLUMNS FROM `heima_user` [ RunTime:0.119434s ]
[ sql ] [ SQL ] SELECT * FROM `heima_user` WHERE  `phone` = '18898283230' LIMIT 1 [ RunTime:0.010273s ]
---------------------------------------------------------------
[ 2019-12-17T17:30:19+08:00 ] 127.0.0.1 POST 127.0.0.1/heimamm/public/register
[运行时间：0.481034s] [吞吐率：2.08req/s] [内存消耗：3,104.61kb] [文件加载：62]
[ info ] [ LANG ] D:\phpStudy\PHPTutorial\WWW\heimamm\thinkphp\lang\zh-cn.php
[ info ] [ ROUTE ] array (
  'type' => 'module',
  'module' => 
  array (
    0 => 'api',
    1 => 'account',
    2 => 'register',
  ),
  'convert' => false,
)
[ info ] [ HEADER ] array (
  'host' => '127.0.0.1',
  'connection' => 'keep-alive',
  'content-length' => '165',
  'accept' => 'application/json, text/plain, */*',
  'origin' => 'http://localhost:8080',
  'user-agent' => 'Mozilla/5.0 (Windows NT 10.0; Win64; x64) AppleWebKit/537.36 (KHTML, like Gecko) Chrome/79.0.3945.79 Safari/537.36',
  'content-type' => 'application/json;charset=UTF-8',
  'sec-fetch-site' => 'cross-site',
  'sec-fetch-mode' => 'cors',
  'referer' => 'http://localhost:8080/',
  'accept-encoding' => 'gzip, deflate, br',
  'accept-language' => 'zh-CN,zh;q=0.9',
  'cookie' => 'PHPSESSID=5jcmb8k2jl5papukreabcssa21',
)
[ info ] [ PARAM ] array (
  'username' => '你好',
  'phone' => '18898283230',
  'email' => '12345@qq.com',
  'avatar' => 'upload/20191217/e03bf15ea52ef5a42a45235470d83e62.png',
  'password' => '123456',
  'rcode' => '8493',
)
[ info ] [ RUN ] app\api\controller\Account->register[ D:\phpStudy\PHPTutorial\WWW\heimamm\application\api\controller\Account.php ]
[ info ] [ DB ] INIT mysql
[ info ] [ LOG ] INIT File
[ sql ] [ DB ] CONNECT:[ UseTime:0.010104s ] mysql:host=127.0.0.1;dbname=heimamm;charset=utf8
[ sql ] [ SQL ] SHOW COLUMNS FROM `heima_user` [ RunTime:0.024952s ]
[ sql ] [ SQL ] SELECT `id` FROM `heima_user` WHERE  `username` = '你好' LIMIT 1 [ RunTime:0.006311s ]
[ sql ] [ SQL ] SELECT `id` FROM `heima_user` WHERE  `phone` = '18898283230' LIMIT 1 [ RunTime:0.000302s ]
[ sql ] [ SQL ] SELECT `id` FROM `heima_user` WHERE  `email` = '12345@qq.com' LIMIT 1 [ RunTime:0.000248s ]
[ sql ] [ SQL ] INSERT INTO `heima_user` (`username` , `phone` , `email` , `avatar` , `password` , `salt` , `create_time` , `update_time`) VALUES ('你好' , '18898283230' , '12345@qq.com' , 'upload/20191217/e03bf15ea52ef5a42a45235470d83e62.png' , '8f73807dca0c1fa5d4e6ba20446cf05e' , '3899' , 1576575019 , 1576575019) [ RunTime:0.124043s ]
---------------------------------------------------------------
[ 2019-12-17T17:31:28+08:00 ] 127.0.0.1 GET 127.0.0.1/heimamm/public/captcha?type=login&1576575088028
[运行时间：0.048258s] [吞吐率：20.72req/s] [内存消耗：1,942.23kb] [文件加载：51]
[ info ] [ LANG ] D:\phpStudy\PHPTutorial\WWW\heimamm\thinkphp\lang\zh-cn.php
[ info ] [ ROUTE ] array (
  'type' => 'module',
  'module' => 
  array (
    0 => 'api',
    1 => 'account',
    2 => 'captcha',
  ),
  'convert' => false,
)
[ info ] [ HEADER ] array (
  'host' => '127.0.0.1',
  'connection' => 'keep-alive',
  'user-agent' => 'Mozilla/5.0 (Windows NT 10.0; Win64; x64) AppleWebKit/537.36 (KHTML, like Gecko) Chrome/79.0.3945.79 Safari/537.36',
  'accept' => 'image/webp,image/apng,image/*,*/*;q=0.8',
  'sec-fetch-site' => 'cross-site',
  'sec-fetch-mode' => 'no-cors',
  'referer' => 'http://localhost:8080/',
  'accept-encoding' => 'gzip, deflate, br',
  'accept-language' => 'zh-CN,zh;q=0.9',
  'cookie' => 'PHPSESSID=5jcmb8k2jl5papukreabcssa21',
)
[ info ] [ PARAM ] array (
  'type' => 'login',
  '1576575088028' => '',
)
[ info ] [ RUN ] app\api\controller\Account->captcha[ D:\phpStudy\PHPTutorial\WWW\heimamm\application\api\controller\Account.php ]
[ info ] [ SESSION ] INIT array (
  'id' => '',
  'var_session_id' => '',
  'prefix' => 'think',
  'type' => '',
  'auto_start' => true,
)
[ info ] [ LOG ] INIT File
---------------------------------------------------------------
[ 2019-12-17T17:31:29+08:00 ] 127.0.0.1 GET 127.0.0.1/heimamm/public/captcha?type=login&1576575089087
[运行时间：0.092368s] [吞吐率：10.83req/s] [内存消耗：1,942.23kb] [文件加载：51]
[ info ] [ LANG ] D:\phpStudy\PHPTutorial\WWW\heimamm\thinkphp\lang\zh-cn.php
[ info ] [ ROUTE ] array (
  'type' => 'module',
  'module' => 
  array (
    0 => 'api',
    1 => 'account',
    2 => 'captcha',
  ),
  'convert' => false,
)
[ info ] [ HEADER ] array (
  'host' => '127.0.0.1',
  'connection' => 'keep-alive',
  'user-agent' => 'Mozilla/5.0 (Windows NT 10.0; Win64; x64) AppleWebKit/537.36 (KHTML, like Gecko) Chrome/79.0.3945.79 Safari/537.36',
  'accept' => 'image/webp,image/apng,image/*,*/*;q=0.8',
  'sec-fetch-site' => 'cross-site',
  'sec-fetch-mode' => 'no-cors',
  'referer' => 'http://localhost:8080/',
  'accept-encoding' => 'gzip, deflate, br',
  'accept-language' => 'zh-CN,zh;q=0.9',
  'cookie' => 'PHPSESSID=5jcmb8k2jl5papukreabcssa21',
)
[ info ] [ PARAM ] array (
  'type' => 'login',
  '1576575089087' => '',
)
[ info ] [ RUN ] app\api\controller\Account->captcha[ D:\phpStudy\PHPTutorial\WWW\heimamm\application\api\controller\Account.php ]
[ info ] [ SESSION ] INIT array (
  'id' => '',
  'var_session_id' => '',
  'prefix' => 'think',
  'type' => '',
  'auto_start' => true,
)
[ info ] [ LOG ] INIT File
---------------------------------------------------------------
[ 2019-12-17T17:31:30+08:00 ] 127.0.0.1 GET 127.0.0.1/heimamm/public/captcha?type=login&1576575089928
[运行时间：0.089148s] [吞吐率：11.22req/s] [内存消耗：1,942.21kb] [文件加载：51]
[ info ] [ LANG ] D:\phpStudy\PHPTutorial\WWW\heimamm\thinkphp\lang\zh-cn.php
[ info ] [ ROUTE ] array (
  'type' => 'module',
  'module' => 
  array (
    0 => 'api',
    1 => 'account',
    2 => 'captcha',
  ),
  'convert' => false,
)
[ info ] [ HEADER ] array (
  'host' => '127.0.0.1',
  'connection' => 'keep-alive',
  'user-agent' => 'Mozilla/5.0 (Windows NT 10.0; Win64; x64) AppleWebKit/537.36 (KHTML, like Gecko) Chrome/79.0.3945.79 Safari/537.36',
  'accept' => 'image/webp,image/apng,image/*,*/*;q=0.8',
  'sec-fetch-site' => 'cross-site',
  'sec-fetch-mode' => 'no-cors',
  'referer' => 'http://localhost:8080/',
  'accept-encoding' => 'gzip, deflate, br',
  'accept-language' => 'zh-CN,zh;q=0.9',
  'cookie' => 'PHPSESSID=5jcmb8k2jl5papukreabcssa21',
)
[ info ] [ PARAM ] array (
  'type' => 'login',
  '1576575089928' => '',
)
[ info ] [ RUN ] app\api\controller\Account->captcha[ D:\phpStudy\PHPTutorial\WWW\heimamm\application\api\controller\Account.php ]
[ info ] [ SESSION ] INIT array (
  'id' => '',
  'var_session_id' => '',
  'prefix' => 'think',
  'type' => '',
  'auto_start' => true,
)
[ info ] [ LOG ] INIT File
---------------------------------------------------------------
[ 2019-12-17T17:31:30+08:00 ] 127.0.0.1 GET 127.0.0.1/heimamm/public/captcha?type=login&1576575090845
[运行时间：0.039434s] [吞吐率：25.36req/s] [内存消耗：1,942.23kb] [文件加载：51]
[ info ] [ LANG ] D:\phpStudy\PHPTutorial\WWW\heimamm\thinkphp\lang\zh-cn.php
[ info ] [ ROUTE ] array (
  'type' => 'module',
  'module' => 
  array (
    0 => 'api',
    1 => 'account',
    2 => 'captcha',
  ),
  'convert' => false,
)
[ info ] [ HEADER ] array (
  'host' => '127.0.0.1',
  'connection' => 'keep-alive',
  'user-agent' => 'Mozilla/5.0 (Windows NT 10.0; Win64; x64) AppleWebKit/537.36 (KHTML, like Gecko) Chrome/79.0.3945.79 Safari/537.36',
  'accept' => 'image/webp,image/apng,image/*,*/*;q=0.8',
  'sec-fetch-site' => 'cross-site',
  'sec-fetch-mode' => 'no-cors',
  'referer' => 'http://localhost:8080/',
  'accept-encoding' => 'gzip, deflate, br',
  'accept-language' => 'zh-CN,zh;q=0.9',
  'cookie' => 'PHPSESSID=5jcmb8k2jl5papukreabcssa21',
)
[ info ] [ PARAM ] array (
  'type' => 'login',
  '1576575090845' => '',
)
[ info ] [ RUN ] app\api\controller\Account->captcha[ D:\phpStudy\PHPTutorial\WWW\heimamm\application\api\controller\Account.php ]
[ info ] [ SESSION ] INIT array (
  'id' => '',
  'var_session_id' => '',
  'prefix' => 'think',
  'type' => '',
  'auto_start' => true,
)
[ info ] [ LOG ] INIT File
---------------------------------------------------------------
[ 2019-12-17T17:31:37+08:00 ] 127.0.0.1 POST 127.0.0.1/heimamm/public/login
[运行时间：0.273437s] [吞吐率：3.66req/s] [内存消耗：3,255.77kb] [文件加载：66]
[ info ] [ LANG ] D:\phpStudy\PHPTutorial\WWW\heimamm\thinkphp\lang\zh-cn.php
[ info ] [ ROUTE ] array (
  'type' => 'module',
  'module' => 
  array (
    0 => 'api',
    1 => 'account',
    2 => 'login',
  ),
  'convert' => false,
)
[ info ] [ HEADER ] array (
  'host' => '127.0.0.1',
  'connection' => 'keep-alive',
  'content-length' => '57',
  'accept' => 'application/json, text/plain, */*',
  'origin' => 'http://localhost:8080',
  'user-agent' => 'Mozilla/5.0 (Windows NT 10.0; Win64; x64) AppleWebKit/537.36 (KHTML, like Gecko) Chrome/79.0.3945.79 Safari/537.36',
  'content-type' => 'application/json;charset=UTF-8',
  'sec-fetch-site' => 'cross-site',
  'sec-fetch-mode' => 'cors',
  'referer' => 'http://localhost:8080/',
  'accept-encoding' => 'gzip, deflate, br',
  'accept-language' => 'zh-CN,zh;q=0.9',
  'cookie' => 'PHPSESSID=5jcmb8k2jl5papukreabcssa21',
)
[ info ] [ PARAM ] array (
  'phone' => '18898283230',
  'password' => '123456',
  'code' => '5694',
)
[ info ] [ RUN ] app\api\controller\Account->login[ D:\phpStudy\PHPTutorial\WWW\heimamm\application\api\controller\Account.php ]
[ info ] [ SESSION ] INIT array (
  'id' => '',
  'var_session_id' => '',
  'prefix' => 'think',
  'type' => '',
  'auto_start' => true,
)
[ info ] [ DB ] INIT mysql
[ info ] [ CACHE ] INIT File
[ info ] [ LOG ] INIT File
[ sql ] [ DB ] CONNECT:[ UseTime:0.000857s ] mysql:host=127.0.0.1;dbname=heimamm;charset=utf8
[ sql ] [ SQL ] SHOW COLUMNS FROM `heima_user` [ RunTime:0.028370s ]
[ sql ] [ SQL ] SELECT * FROM `heima_user` WHERE  `phone` = '18898283230' LIMIT 1 [ RunTime:0.000661s ]
---------------------------------------------------------------
[ 2019-12-17T17:31:40+08:00 ] 127.0.0.1 POST 127.0.0.1/heimamm/public/login
[运行时间：0.038730s] [吞吐率：25.82req/s] [内存消耗：1,970.41kb] [文件加载：53]
[ info ] [ LANG ] D:\phpStudy\PHPTutorial\WWW\heimamm\thinkphp\lang\zh-cn.php
[ info ] [ ROUTE ] array (
  'type' => 'module',
  'module' => 
  array (
    0 => 'api',
    1 => 'account',
    2 => 'login',
  ),
  'convert' => false,
)
[ info ] [ HEADER ] array (
  'host' => '127.0.0.1',
  'connection' => 'keep-alive',
  'content-length' => '57',
  'accept' => 'application/json, text/plain, */*',
  'origin' => 'http://localhost:8080',
  'user-agent' => 'Mozilla/5.0 (Windows NT 10.0; Win64; x64) AppleWebKit/537.36 (KHTML, like Gecko) Chrome/79.0.3945.79 Safari/537.36',
  'content-type' => 'application/json;charset=UTF-8',
  'sec-fetch-site' => 'cross-site',
  'sec-fetch-mode' => 'cors',
  'referer' => 'http://localhost:8080/',
  'accept-encoding' => 'gzip, deflate, br',
  'accept-language' => 'zh-CN,zh;q=0.9',
  'cookie' => 'token=5df8a079058ce; PHPSESSID=5jcmb8k2jl5papukreabcssa21',
)
[ info ] [ PARAM ] array (
  'phone' => '18898283230',
  'password' => '123456',
  'code' => '5694',
)
[ info ] [ RUN ] app\api\controller\Account->login[ D:\phpStudy\PHPTutorial\WWW\heimamm\application\api\controller\Account.php ]
[ info ] [ SESSION ] INIT array (
  'id' => '',
  'var_session_id' => '',
  'prefix' => 'think',
  'type' => '',
  'auto_start' => true,
)
[ info ] [ LOG ] INIT File
---------------------------------------------------------------
[ 2019-12-17T17:31:40+08:00 ] 127.0.0.1 POST 127.0.0.1/heimamm/public/login
[运行时间：0.036265s] [吞吐率：27.57req/s] [内存消耗：1,970.41kb] [文件加载：53]
[ info ] [ LANG ] D:\phpStudy\PHPTutorial\WWW\heimamm\thinkphp\lang\zh-cn.php
[ info ] [ ROUTE ] array (
  'type' => 'module',
  'module' => 
  array (
    0 => 'api',
    1 => 'account',
    2 => 'login',
  ),
  'convert' => false,
)
[ info ] [ HEADER ] array (
  'host' => '127.0.0.1',
  'connection' => 'keep-alive',
  'content-length' => '57',
  'accept' => 'application/json, text/plain, */*',
  'origin' => 'http://localhost:8080',
  'user-agent' => 'Mozilla/5.0 (Windows NT 10.0; Win64; x64) AppleWebKit/537.36 (KHTML, like Gecko) Chrome/79.0.3945.79 Safari/537.36',
  'content-type' => 'application/json;charset=UTF-8',
  'sec-fetch-site' => 'cross-site',
  'sec-fetch-mode' => 'cors',
  'referer' => 'http://localhost:8080/',
  'accept-encoding' => 'gzip, deflate, br',
  'accept-language' => 'zh-CN,zh;q=0.9',
  'cookie' => 'token=5df8a079058ce; PHPSESSID=5jcmb8k2jl5papukreabcssa21',
)
[ info ] [ PARAM ] array (
  'phone' => '18898283230',
  'password' => '123456',
  'code' => '5694',
)
[ info ] [ RUN ] app\api\controller\Account->login[ D:\phpStudy\PHPTutorial\WWW\heimamm\application\api\controller\Account.php ]
[ info ] [ SESSION ] INIT array (
  'id' => '',
  'var_session_id' => '',
  'prefix' => 'think',
  'type' => '',
  'auto_start' => true,
)
[ info ] [ LOG ] INIT File
---------------------------------------------------------------
[ 2019-12-17T17:31:41+08:00 ] 127.0.0.1 POST 127.0.0.1/heimamm/public/login
[运行时间：0.035039s] [吞吐率：28.54req/s] [内存消耗：1,970.41kb] [文件加载：53]
[ info ] [ LANG ] D:\phpStudy\PHPTutorial\WWW\heimamm\thinkphp\lang\zh-cn.php
[ info ] [ ROUTE ] array (
  'type' => 'module',
  'module' => 
  array (
    0 => 'api',
    1 => 'account',
    2 => 'login',
  ),
  'convert' => false,
)
[ info ] [ HEADER ] array (
  'host' => '127.0.0.1',
  'connection' => 'keep-alive',
  'content-length' => '57',
  'accept' => 'application/json, text/plain, */*',
  'origin' => 'http://localhost:8080',
  'user-agent' => 'Mozilla/5.0 (Windows NT 10.0; Win64; x64) AppleWebKit/537.36 (KHTML, like Gecko) Chrome/79.0.3945.79 Safari/537.36',
  'content-type' => 'application/json;charset=UTF-8',
  'sec-fetch-site' => 'cross-site',
  'sec-fetch-mode' => 'cors',
  'referer' => 'http://localhost:8080/',
  'accept-encoding' => 'gzip, deflate, br',
  'accept-language' => 'zh-CN,zh;q=0.9',
  'cookie' => 'token=5df8a079058ce; PHPSESSID=5jcmb8k2jl5papukreabcssa21',
)
[ info ] [ PARAM ] array (
  'phone' => '18898283230',
  'password' => '123456',
  'code' => '5694',
)
[ info ] [ RUN ] app\api\controller\Account->login[ D:\phpStudy\PHPTutorial\WWW\heimamm\application\api\controller\Account.php ]
[ info ] [ SESSION ] INIT array (
  'id' => '',
  'var_session_id' => '',
  'prefix' => 'think',
  'type' => '',
  'auto_start' => true,
)
[ info ] [ LOG ] INIT File
---------------------------------------------------------------
[ 2019-12-17T17:34:04+08:00 ] 127.0.0.1 POST 127.0.0.1/heimamm/public/login
[运行时间：0.043497s] [吞吐率：22.99req/s] [内存消耗：1,970.41kb] [文件加载：53]
[ info ] [ LANG ] D:\phpStudy\PHPTutorial\WWW\heimamm\thinkphp\lang\zh-cn.php
[ info ] [ ROUTE ] array (
  'type' => 'module',
  'module' => 
  array (
    0 => 'api',
    1 => 'account',
    2 => 'login',
  ),
  'convert' => false,
)
[ info ] [ HEADER ] array (
  'host' => '127.0.0.1',
  'connection' => 'keep-alive',
  'content-length' => '57',
  'accept' => 'application/json, text/plain, */*',
  'origin' => 'http://localhost:8080',
  'user-agent' => 'Mozilla/5.0 (Windows NT 10.0; Win64; x64) AppleWebKit/537.36 (KHTML, like Gecko) Chrome/79.0.3945.79 Safari/537.36',
  'content-type' => 'application/json;charset=UTF-8',
  'sec-fetch-site' => 'cross-site',
  'sec-fetch-mode' => 'cors',
  'referer' => 'http://localhost:8080/',
  'accept-encoding' => 'gzip, deflate, br',
  'accept-language' => 'zh-CN,zh;q=0.9',
  'cookie' => 'token=5df8a079058ce; PHPSESSID=5jcmb8k2jl5papukreabcssa21',
)
[ info ] [ PARAM ] array (
  'phone' => '18898283230',
  'password' => '123456',
  'code' => '5694',
)
[ info ] [ RUN ] app\api\controller\Account->login[ D:\phpStudy\PHPTutorial\WWW\heimamm\application\api\controller\Account.php ]
[ info ] [ SESSION ] INIT array (
  'id' => '',
  'var_session_id' => '',
  'prefix' => 'think',
  'type' => '',
  'auto_start' => true,
)
[ info ] [ LOG ] INIT File
---------------------------------------------------------------
[ 2019-12-17T17:34:06+08:00 ] 127.0.0.1 POST 127.0.0.1/heimamm/public/login
[运行时间：0.041675s] [吞吐率：24.00req/s] [内存消耗：1,970.41kb] [文件加载：53]
[ info ] [ LANG ] D:\phpStudy\PHPTutorial\WWW\heimamm\thinkphp\lang\zh-cn.php
[ info ] [ ROUTE ] array (
  'type' => 'module',
  'module' => 
  array (
    0 => 'api',
    1 => 'account',
    2 => 'login',
  ),
  'convert' => false,
)
[ info ] [ HEADER ] array (
  'host' => '127.0.0.1',
  'connection' => 'keep-alive',
  'content-length' => '57',
  'accept' => 'application/json, text/plain, */*',
  'origin' => 'http://localhost:8080',
  'user-agent' => 'Mozilla/5.0 (Windows NT 10.0; Win64; x64) AppleWebKit/537.36 (KHTML, like Gecko) Chrome/79.0.3945.79 Safari/537.36',
  'content-type' => 'application/json;charset=UTF-8',
  'sec-fetch-site' => 'cross-site',
  'sec-fetch-mode' => 'cors',
  'referer' => 'http://localhost:8080/',
  'accept-encoding' => 'gzip, deflate, br',
  'accept-language' => 'zh-CN,zh;q=0.9',
  'cookie' => 'token=5df8a079058ce; PHPSESSID=5jcmb8k2jl5papukreabcssa21',
)
[ info ] [ PARAM ] array (
  'phone' => '18898283230',
  'password' => '123456',
  'code' => '5694',
)
[ info ] [ RUN ] app\api\controller\Account->login[ D:\phpStudy\PHPTutorial\WWW\heimamm\application\api\controller\Account.php ]
[ info ] [ SESSION ] INIT array (
  'id' => '',
  'var_session_id' => '',
  'prefix' => 'think',
  'type' => '',
  'auto_start' => true,
)
[ info ] [ LOG ] INIT File
---------------------------------------------------------------
[ 2019-12-17T17:34:07+08:00 ] 127.0.0.1 POST 127.0.0.1/heimamm/public/login
[运行时间：0.035616s] [吞吐率：28.08req/s] [内存消耗：1,970.41kb] [文件加载：53]
[ info ] [ LANG ] D:\phpStudy\PHPTutorial\WWW\heimamm\thinkphp\lang\zh-cn.php
[ info ] [ ROUTE ] array (
  'type' => 'module',
  'module' => 
  array (
    0 => 'api',
    1 => 'account',
    2 => 'login',
  ),
  'convert' => false,
)
[ info ] [ HEADER ] array (
  'host' => '127.0.0.1',
  'connection' => 'keep-alive',
  'content-length' => '57',
  'accept' => 'application/json, text/plain, */*',
  'origin' => 'http://localhost:8080',
  'user-agent' => 'Mozilla/5.0 (Windows NT 10.0; Win64; x64) AppleWebKit/537.36 (KHTML, like Gecko) Chrome/79.0.3945.79 Safari/537.36',
  'content-type' => 'application/json;charset=UTF-8',
  'sec-fetch-site' => 'cross-site',
  'sec-fetch-mode' => 'cors',
  'referer' => 'http://localhost:8080/',
  'accept-encoding' => 'gzip, deflate, br',
  'accept-language' => 'zh-CN,zh;q=0.9',
  'cookie' => 'token=5df8a079058ce; PHPSESSID=5jcmb8k2jl5papukreabcssa21',
)
[ info ] [ PARAM ] array (
  'phone' => '18898283230',
  'password' => '123456',
  'code' => '5694',
)
[ info ] [ RUN ] app\api\controller\Account->login[ D:\phpStudy\PHPTutorial\WWW\heimamm\application\api\controller\Account.php ]
[ info ] [ SESSION ] INIT array (
  'id' => '',
  'var_session_id' => '',
  'prefix' => 'think',
  'type' => '',
  'auto_start' => true,
)
[ info ] [ LOG ] INIT File
---------------------------------------------------------------
[ 2019-12-17T17:36:14+08:00 ] 127.0.0.1 POST 127.0.0.1/heimamm/public/sendsms
[运行时间：0.058114s] [吞吐率：17.21req/s] [内存消耗：1,949.89kb] [文件加载：52]
[ info ] [ LANG ] D:\phpStudy\PHPTutorial\WWW\heimamm\thinkphp\lang\zh-cn.php
[ info ] [ ROUTE ] array (
  'type' => 'module',
  'module' => 
  array (
    0 => 'api',
    1 => 'account',
    2 => 'sendsms',
  ),
  'convert' => false,
)
[ info ] [ HEADER ] array (
  'host' => '127.0.0.1',
  'connection' => 'keep-alive',
  'content-length' => '37',
  'accept' => 'application/json, text/plain, */*',
  'origin' => 'http://localhost:8080',
  'user-agent' => 'Mozilla/5.0 (Windows NT 10.0; Win64; x64) AppleWebKit/537.36 (KHTML, like Gecko) Chrome/79.0.3945.79 Safari/537.36',
  'content-type' => 'application/json;charset=UTF-8',
  'sec-fetch-site' => 'cross-site',
  'sec-fetch-mode' => 'cors',
  'referer' => 'http://localhost:8080/',
  'accept-encoding' => 'gzip, deflate, br',
  'accept-language' => 'zh-CN,zh;q=0.9',
  'cookie' => 'token=5df8a079058ce; PHPSESSID=5jcmb8k2jl5papukreabcssa21',
)
[ info ] [ PARAM ] array (
  'phone' => '18898283230',
  'code' => '1447',
)
[ info ] [ RUN ] app\api\controller\Account->sendSms[ D:\phpStudy\PHPTutorial\WWW\heimamm\application\api\controller\Account.php ]
[ info ] [ SESSION ] INIT array (
  'id' => '',
  'var_session_id' => '',
  'prefix' => 'think',
  'type' => '',
  'auto_start' => true,
)
[ info ] [ LOG ] INIT File
---------------------------------------------------------------
[ 2019-12-17T17:36:24+08:00 ] 127.0.0.1 GET 127.0.0.1/heimamm/public/captcha?type=login
[运行时间：0.064062s] [吞吐率：15.61req/s] [内存消耗：1,942.06kb] [文件加载：51]
[ info ] [ LANG ] D:\phpStudy\PHPTutorial\WWW\heimamm\thinkphp\lang\zh-cn.php
[ info ] [ ROUTE ] array (
  'type' => 'module',
  'module' => 
  array (
    0 => 'api',
    1 => 'account',
    2 => 'captcha',
  ),
  'convert' => false,
)
[ info ] [ HEADER ] array (
  'host' => '127.0.0.1',
  'connection' => 'keep-alive',
  'user-agent' => 'Mozilla/5.0 (Windows NT 10.0; Win64; x64) AppleWebKit/537.36 (KHTML, like Gecko) Chrome/79.0.3945.79 Safari/537.36',
  'accept' => 'image/webp,image/apng,image/*,*/*;q=0.8',
  'sec-fetch-site' => 'cross-site',
  'sec-fetch-mode' => 'no-cors',
  'referer' => 'http://localhost:8080/',
  'accept-encoding' => 'gzip, deflate, br',
  'accept-language' => 'zh-CN,zh;q=0.9',
  'cookie' => 'token=5df8a079058ce; PHPSESSID=5jcmb8k2jl5papukreabcssa21',
)
[ info ] [ PARAM ] array (
  'type' => 'login',
)
[ info ] [ RUN ] app\api\controller\Account->captcha[ D:\phpStudy\PHPTutorial\WWW\heimamm\application\api\controller\Account.php ]
[ info ] [ SESSION ] INIT array (
  'id' => '',
  'var_session_id' => '',
  'prefix' => 'think',
  'type' => '',
  'auto_start' => true,
)
[ info ] [ LOG ] INIT File
---------------------------------------------------------------
[ 2019-12-17T17:36:25+08:00 ] 127.0.0.1 GET 127.0.0.1/heimamm/public/captcha?type=sendsms
[运行时间：0.056841s] [吞吐率：17.59req/s] [内存消耗：1,942.53kb] [文件加载：51]
[ info ] [ LANG ] D:\phpStudy\PHPTutorial\WWW\heimamm\thinkphp\lang\zh-cn.php
[ info ] [ ROUTE ] array (
  'type' => 'module',
  'module' => 
  array (
    0 => 'api',
    1 => 'account',
    2 => 'captcha',
  ),
  'convert' => false,
)
[ info ] [ HEADER ] array (
  'host' => '127.0.0.1',
  'connection' => 'keep-alive',
  'user-agent' => 'Mozilla/5.0 (Windows NT 10.0; Win64; x64) AppleWebKit/537.36 (KHTML, like Gecko) Chrome/79.0.3945.79 Safari/537.36',
  'accept' => 'image/webp,image/apng,image/*,*/*;q=0.8',
  'sec-fetch-site' => 'cross-site',
  'sec-fetch-mode' => 'no-cors',
  'referer' => 'http://localhost:8080/',
  'accept-encoding' => 'gzip, deflate, br',
  'accept-language' => 'zh-CN,zh;q=0.9',
  'cookie' => 'token=5df8a079058ce; PHPSESSID=5jcmb8k2jl5papukreabcssa21',
)
[ info ] [ PARAM ] array (
  'type' => 'sendsms',
)
[ info ] [ RUN ] app\api\controller\Account->captcha[ D:\phpStudy\PHPTutorial\WWW\heimamm\application\api\controller\Account.php ]
[ info ] [ SESSION ] INIT array (
  'id' => '',
  'var_session_id' => '',
  'prefix' => 'think',
  'type' => '',
  'auto_start' => true,
)
[ info ] [ LOG ] INIT File
---------------------------------------------------------------
[ 2019-12-17T17:36:31+08:00 ] 127.0.0.1 POST 127.0.0.1/heimamm/public/uploads
[运行时间：0.122765s] [吞吐率：8.15req/s] [内存消耗：1,954.96kb] [文件加载：52]
[ info ] [ LANG ] D:\phpStudy\PHPTutorial\WWW\heimamm\thinkphp\lang\zh-cn.php
[ info ] [ ROUTE ] array (
  'type' => 'module',
  'module' => 
  array (
    0 => 'api',
    1 => 'account',
    2 => 'uploads',
  ),
  'convert' => false,
)
[ info ] [ HEADER ] array (
  'host' => '127.0.0.1',
  'connection' => 'keep-alive',
  'content-length' => '389',
  'origin' => 'http://localhost:8080',
  'user-agent' => 'Mozilla/5.0 (Windows NT 10.0; Win64; x64) AppleWebKit/537.36 (KHTML, like Gecko) Chrome/79.0.3945.79 Safari/537.36',
  'content-type' => 'multipart/form-data; boundary=----WebKitFormBoundaryDBoyRxL6vgfU9SA7',
  'accept' => '*/*',
  'sec-fetch-site' => 'cross-site',
  'sec-fetch-mode' => 'cors',
  'referer' => 'http://localhost:8080/',
  'accept-encoding' => 'gzip, deflate, br',
  'accept-language' => 'zh-CN,zh;q=0.9',
)
[ info ] [ PARAM ] array (
)
[ info ] [ RUN ] app\api\controller\Account->uploads[ D:\phpStudy\PHPTutorial\WWW\heimamm\application\api\controller\Account.php ]
[ info ] [ LOG ] INIT File
---------------------------------------------------------------
[ 2019-12-17T17:37:16+08:00 ] 127.0.0.1 POST 127.0.0.1/heimamm/public/sendsms
[运行时间：0.392050s] [吞吐率：2.55req/s] [内存消耗：2,750.70kb] [文件加载：59]
[ info ] [ LANG ] D:\phpStudy\PHPTutorial\WWW\heimamm\thinkphp\lang\zh-cn.php
[ info ] [ ROUTE ] array (
  'type' => 'module',
  'module' => 
  array (
    0 => 'api',
    1 => 'account',
    2 => 'sendsms',
  ),
  'convert' => false,
)
[ info ] [ HEADER ] array (
  'host' => '127.0.0.1',
  'connection' => 'keep-alive',
  'content-length' => '37',
  'accept' => 'application/json, text/plain, */*',
  'origin' => 'http://localhost:8080',
  'user-agent' => 'Mozilla/5.0 (Windows NT 10.0; Win64; x64) AppleWebKit/537.36 (KHTML, like Gecko) Chrome/79.0.3945.79 Safari/537.36',
  'content-type' => 'application/json;charset=UTF-8',
  'sec-fetch-site' => 'cross-site',
  'sec-fetch-mode' => 'cors',
  'referer' => 'http://localhost:8080/',
  'accept-encoding' => 'gzip, deflate, br',
  'accept-language' => 'zh-CN,zh;q=0.9',
  'cookie' => 'token=5df8a079058ce; PHPSESSID=5jcmb8k2jl5papukreabcssa21',
)
[ info ] [ PARAM ] array (
  'phone' => '13627535780',
  'code' => '2286',
)
[ info ] [ RUN ] app\api\controller\Account->sendSms[ D:\phpStudy\PHPTutorial\WWW\heimamm\application\api\controller\Account.php ]
[ info ] [ SESSION ] INIT array (
  'id' => '',
  'var_session_id' => '',
  'prefix' => 'think',
  'type' => '',
  'auto_start' => true,
)
[ info ] [ DB ] INIT mysql
[ info ] [ LOG ] INIT File
[ sql ] [ DB ] CONNECT:[ UseTime:0.001111s ] mysql:host=127.0.0.1;dbname=heimamm;charset=utf8
[ sql ] [ SQL ] SHOW COLUMNS FROM `heima_user` [ RunTime:0.029306s ]
[ sql ] [ SQL ] SELECT * FROM `heima_user` WHERE  `phone` = '13627535780' LIMIT 1 [ RunTime:0.000859s ]
---------------------------------------------------------------
[ 2019-12-17T17:37:22+08:00 ] 127.0.0.1 POST 127.0.0.1/heimamm/public/register
[运行时间：0.351069s] [吞吐率：2.85req/s] [内存消耗：3,104.68kb] [文件加载：62]
[ info ] [ LANG ] D:\phpStudy\PHPTutorial\WWW\heimamm\thinkphp\lang\zh-cn.php
[ info ] [ ROUTE ] array (
  'type' => 'module',
  'module' => 
  array (
    0 => 'api',
    1 => 'account',
    2 => 'register',
  ),
  'convert' => false,
)
[ info ] [ HEADER ] array (
  'host' => '127.0.0.1',
  'connection' => 'keep-alive',
  'content-length' => '166',
  'accept' => 'application/json, text/plain, */*',
  'origin' => 'http://localhost:8080',
  'user-agent' => 'Mozilla/5.0 (Windows NT 10.0; Win64; x64) AppleWebKit/537.36 (KHTML, like Gecko) Chrome/79.0.3945.79 Safari/537.36',
  'content-type' => 'application/json;charset=UTF-8',
  'sec-fetch-site' => 'cross-site',
  'sec-fetch-mode' => 'cors',
  'referer' => 'http://localhost:8080/',
  'accept-encoding' => 'gzip, deflate, br',
  'accept-language' => 'zh-CN,zh;q=0.9',
  'cookie' => 'token=5df8a079058ce; PHPSESSID=5jcmb8k2jl5papukreabcssa21',
)
[ info ] [ PARAM ] array (
  'username' => '好好',
  'phone' => '13627535780',
  'email' => '156488@qq.com',
  'avatar' => 'upload/20191217/5fbb97bc9f021b278927d19690e44142.png',
  'password' => '123456',
  'rcode' => '7445',
)
[ info ] [ RUN ] app\api\controller\Account->register[ D:\phpStudy\PHPTutorial\WWW\heimamm\application\api\controller\Account.php ]
[ info ] [ DB ] INIT mysql
[ info ] [ LOG ] INIT File
[ sql ] [ DB ] CONNECT:[ UseTime:0.000795s ] mysql:host=127.0.0.1;dbname=heimamm;charset=utf8
[ sql ] [ SQL ] SHOW COLUMNS FROM `heima_user` [ RunTime:0.024641s ]
[ sql ] [ SQL ] SELECT `id` FROM `heima_user` WHERE  `username` = '好好' LIMIT 1 [ RunTime:0.000489s ]
[ sql ] [ SQL ] SELECT `id` FROM `heima_user` WHERE  `phone` = '13627535780' LIMIT 1 [ RunTime:0.000266s ]
[ sql ] [ SQL ] SELECT `id` FROM `heima_user` WHERE  `email` = '156488@qq.com' LIMIT 1 [ RunTime:0.000239s ]
[ sql ] [ SQL ] INSERT INTO `heima_user` (`username` , `phone` , `email` , `avatar` , `password` , `salt` , `create_time` , `update_time`) VALUES ('好好' , '13627535780' , '156488@qq.com' , 'upload/20191217/5fbb97bc9f021b278927d19690e44142.png' , 'f6a1d9b8ac5712a88ab930c0bd44688d' , '8796' , 1576575442 , 1576575442) [ RunTime:0.051281s ]
---------------------------------------------------------------
[ 2019-12-17T17:39:06+08:00 ] 127.0.0.1 POST 127.0.0.1/heimamm/public/login
[运行时间：0.229949s] [吞吐率：4.35req/s] [内存消耗：3,255.72kb] [文件加载：66]
[ info ] [ LANG ] D:\phpStudy\PHPTutorial\WWW\heimamm\thinkphp\lang\zh-cn.php
[ info ] [ ROUTE ] array (
  'type' => 'module',
  'module' => 
  array (
    0 => 'api',
    1 => 'account',
    2 => 'login',
  ),
  'convert' => false,
)
[ info ] [ HEADER ] array (
  'host' => '127.0.0.1',
  'connection' => 'keep-alive',
  'content-length' => '59',
  'accept' => 'application/json, text/plain, */*',
  'origin' => 'http://localhost:8080',
  'user-agent' => 'Mozilla/5.0 (Windows NT 10.0; Win64; x64) AppleWebKit/537.36 (KHTML, like Gecko) Chrome/79.0.3945.79 Safari/537.36',
  'content-type' => 'application/json;charset=UTF-8',
  'sec-fetch-site' => 'cross-site',
  'sec-fetch-mode' => 'cors',
  'referer' => 'http://localhost:8080/',
  'accept-encoding' => 'gzip, deflate, br',
  'accept-language' => 'zh-CN,zh;q=0.9',
  'cookie' => 'token=5df8a079058ce; PHPSESSID=5jcmb8k2jl5papukreabcssa21',
)
[ info ] [ PARAM ] array (
  'phone' => '18511111111',
  'password' => '12345678',
  'code' => '5367',
)
[ info ] [ RUN ] app\api\controller\Account->login[ D:\phpStudy\PHPTutorial\WWW\heimamm\application\api\controller\Account.php ]
[ info ] [ SESSION ] INIT array (
  'id' => '',
  'var_session_id' => '',
  'prefix' => 'think',
  'type' => '',
  'auto_start' => true,
)
[ info ] [ DB ] INIT mysql
[ info ] [ CACHE ] INIT File
[ info ] [ LOG ] INIT File
[ sql ] [ DB ] CONNECT:[ UseTime:0.001065s ] mysql:host=127.0.0.1;dbname=heimamm;charset=utf8
[ sql ] [ SQL ] SHOW COLUMNS FROM `heima_user` [ RunTime:0.030419s ]
[ sql ] [ SQL ] SELECT * FROM `heima_user` WHERE  `phone` = '18511111111' LIMIT 1 [ RunTime:0.000665s ]
---------------------------------------------------------------
[ 2019-12-17T17:44:38+08:00 ] 127.0.0.1 GET 127.0.0.1/heimamm/public/captcha?type=login
[运行时间：1.853289s] [吞吐率：0.54req/s] [内存消耗：1,942.07kb] [文件加载：51]
[ info ] [ LANG ] D:\phpStudy\PHPTutorial\WWW\heimamm\thinkphp\lang\zh-cn.php
[ info ] [ ROUTE ] array (
  'type' => 'module',
  'module' => 
  array (
    0 => 'api',
    1 => 'account',
    2 => 'captcha',
  ),
  'convert' => false,
)
[ info ] [ HEADER ] array (
  'host' => '127.0.0.1',
  'connection' => 'keep-alive',
  'user-agent' => 'Mozilla/5.0 (Windows NT 10.0; Win64; x64) AppleWebKit/537.36 (KHTML, like Gecko) Chrome/79.0.3945.79 Safari/537.36',
  'accept' => 'image/webp,image/apng,image/*,*/*;q=0.8',
  'sec-fetch-site' => 'cross-site',
  'sec-fetch-mode' => 'no-cors',
  'referer' => 'http://localhost:8080/',
  'accept-encoding' => 'gzip, deflate, br',
  'accept-language' => 'zh-CN,zh;q=0.9',
  'cookie' => 'token=5df8a23a18598; PHPSESSID=5jcmb8k2jl5papukreabcssa21',
)
[ info ] [ PARAM ] array (
  'type' => 'login',
)
[ info ] [ RUN ] app\api\controller\Account->captcha[ D:\phpStudy\PHPTutorial\WWW\heimamm\application\api\controller\Account.php ]
[ info ] [ SESSION ] INIT array (
  'id' => '',
  'var_session_id' => '',
  'prefix' => 'think',
  'type' => '',
  'auto_start' => true,
)
[ info ] [ LOG ] INIT File
---------------------------------------------------------------
[ 2019-12-17T18:29:57+08:00 ] 127.0.0.1 GET 127.0.0.1/heimamm/public/captcha?type=login
[运行时间：1.810195s] [吞吐率：0.55req/s] [内存消耗：1,942.07kb] [文件加载：51]
[ info ] [ LANG ] D:\phpStudy\PHPTutorial\WWW\heimamm\thinkphp\lang\zh-cn.php
[ info ] [ ROUTE ] array (
  'type' => 'module',
  'module' => 
  array (
    0 => 'api',
    1 => 'account',
    2 => 'captcha',
  ),
  'convert' => false,
)
[ info ] [ HEADER ] array (
  'host' => '127.0.0.1',
  'connection' => 'keep-alive',
  'user-agent' => 'Mozilla/5.0 (Windows NT 10.0; Win64; x64) AppleWebKit/537.36 (KHTML, like Gecko) Chrome/79.0.3945.79 Safari/537.36',
  'accept' => 'image/webp,image/apng,image/*,*/*;q=0.8',
  'sec-fetch-site' => 'cross-site',
  'sec-fetch-mode' => 'no-cors',
  'referer' => 'http://localhost:8080/',
  'accept-encoding' => 'gzip, deflate, br',
  'accept-language' => 'zh-CN,zh;q=0.9',
  'cookie' => 'token=5df8a23a18598; PHPSESSID=5jcmb8k2jl5papukreabcssa21',
)
[ info ] [ PARAM ] array (
  'type' => 'login',
)
[ info ] [ RUN ] app\api\controller\Account->captcha[ D:\phpStudy\PHPTutorial\WWW\heimamm\application\api\controller\Account.php ]
[ info ] [ SESSION ] INIT array (
  'id' => '',
  'var_session_id' => '',
  'prefix' => 'think',
  'type' => '',
  'auto_start' => true,
)
[ info ] [ LOG ] INIT File
---------------------------------------------------------------
[ 2019-12-17T19:38:15+08:00 ] 127.0.0.1 GET 127.0.0.1/heimamm/public/captcha?type=login
[运行时间：1.202226s] [吞吐率：0.83req/s] [内存消耗：1,942.06kb] [文件加载：51]
[ info ] [ LANG ] D:\phpStudy\PHPTutorial\WWW\heimamm\thinkphp\lang\zh-cn.php
[ info ] [ ROUTE ] array (
  'type' => 'module',
  'module' => 
  array (
    0 => 'api',
    1 => 'account',
    2 => 'captcha',
  ),
  'convert' => false,
)
[ info ] [ HEADER ] array (
  'host' => '127.0.0.1',
  'connection' => 'keep-alive',
  'user-agent' => 'Mozilla/5.0 (Windows NT 10.0; Win64; x64) AppleWebKit/537.36 (KHTML, like Gecko) Chrome/79.0.3945.79 Safari/537.36',
  'accept' => 'image/webp,image/apng,image/*,*/*;q=0.8',
  'sec-fetch-site' => 'cross-site',
  'sec-fetch-mode' => 'no-cors',
  'referer' => 'http://localhost:8080/',
  'accept-encoding' => 'gzip, deflate, br',
  'accept-language' => 'zh-CN,zh;q=0.9',
  'cookie' => 'token=5df8a23a18598; PHPSESSID=5jcmb8k2jl5papukreabcssa21',
)
[ info ] [ PARAM ] array (
  'type' => 'login',
)
[ info ] [ RUN ] app\api\controller\Account->captcha[ D:\phpStudy\PHPTutorial\WWW\heimamm\application\api\controller\Account.php ]
[ info ] [ SESSION ] INIT array (
  'id' => '',
  'var_session_id' => '',
  'prefix' => 'think',
  'type' => '',
  'auto_start' => true,
)
[ info ] [ LOG ] INIT File
