---------------------------------------------------------------
[ 2019-12-18T10:53:25+08:00 ] 127.0.0.1 GET 127.0.0.1/heimamm/public/captcha?type=login
[运行时间：1.891810s] [吞吐率：0.53req/s] [内存消耗：1,942.02kb] [文件加载：51]
[ info ] [ LANG ] D:\phpStudy\PHPTutorial\WWW\heimamm\thinkphp\lang\zh-cn.php
[ info ] [ ROUTE ] array (
  'type' => 'module',
  'module' => 
  array (
    0 => 'api',
    1 => 'account',
    2 => 'captcha',
  ),
  'convert' => false,
)
[ info ] [ HEADER ] array (
  'host' => '127.0.0.1',
  'connection' => 'keep-alive',
  'user-agent' => 'Mozilla/5.0 (Windows NT 10.0; Win64; x64) AppleWebKit/537.36 (KHTML, like Gecko) Chrome/79.0.3945.79 Safari/537.36',
  'accept' => 'image/webp,image/apng,image/*,*/*;q=0.8',
  'sec-fetch-site' => 'cross-site',
  'sec-fetch-mode' => 'no-cors',
  'referer' => 'http://localhost:8080/',
  'accept-encoding' => 'gzip, deflate, br',
  'accept-language' => 'zh-CN,zh;q=0.9',
  'cookie' => 'token=5df8a23a18598; PHPSESSID=5jcmb8k2jl5papukreabcssa21',
)
[ info ] [ PARAM ] array (
  'type' => 'login',
)
[ info ] [ RUN ] app\api\controller\Account->captcha[ D:\phpStudy\PHPTutorial\WWW\heimamm\application\api\controller\Account.php ]
[ info ] [ SESSION ] INIT array (
  'id' => '',
  'var_session_id' => '',
  'prefix' => 'think',
  'type' => '',
  'auto_start' => true,
)
[ info ] [ LOG ] INIT File
